<?xml version="1.0" encoding="UTF-8"?>
<!-- Generated by org.testng.reporters.JUnitReportReporter -->
<testsuite hostname="BDC6-DX-6C65NK2" name="POM.NewTest" tests="1" failures="0" timestamp="20 Nov 2019 06:55:14 GMT" time="27.090" errors="0">
  <testcase name="f" time="27.090" classname="POM.NewTest"/>
</testsuite> <!-- POM.NewTest -->
